<?xml version="1.0" encoding="UTF-8"?>
<testng-results skipped="0" failed="0" total="1" passed="1">
  <reporter-output>
  </reporter-output>
  <suite name="Default suite" duration-ms="85710" started-at="2018-12-07T07:16:27Z" finished-at="2018-12-07T07:17:53Z">
    <groups>
    </groups>
    <test name="Default test" duration-ms="85710" started-at="2018-12-07T07:16:27Z" finished-at="2018-12-07T07:17:53Z">
      <class name="steps.searchItem">
        <test-method status="PASS" signature="set()[pri:0, instance:steps.searchItem@5ae9a829]" name="set" is-config="true" duration-ms="23530" started-at="2018-12-07T12:46:27Z" finished-at="2018-12-07T12:46:51Z">
          <reporter-output>
          </reporter-output>
        </test-method> <!-- set -->
        <test-method status="PASS" signature="excelSet()[pri:0, instance:steps.searchItem@5ae9a829]" name="excelSet" duration-ms="61092" started-at="2018-12-07T12:46:51Z" finished-at="2018-12-07T12:47:52Z">
          <reporter-output>
          </reporter-output>
        </test-method> <!-- excelSet -->
        <test-method status="PASS" signature="driverQuit()[pri:0, instance:steps.searchItem@5ae9a829]" name="driverQuit" is-config="true" duration-ms="1072" started-at="2018-12-07T12:47:52Z" finished-at="2018-12-07T12:47:53Z">
          <reporter-output>
          </reporter-output>
        </test-method> <!-- driverQuit -->
      </class> <!-- steps.searchItem -->
    </test> <!-- Default test -->
  </suite> <!-- Default suite -->
</testng-results>
